{"C:\\Users\\chris\\Projekte\\ExcelToCsv\\contentReader.js": {"path":"C:\\Users\\chris\\Projekte\\ExcelToCsv\\contentReader.js","statementMap":{"0":{"start":{"line":1,"column":11},"end":{"line":1,"column":24}},"1":{"start":{"line":2,"column":14},"end":{"line":2,"column":40}},"2":{"start":{"line":4,"column":0},"end":{"line":142,"column":1}},"3":{"start":{"line":13,"column":27},"end":{"line":13,"column":67}},"4":{"start":{"line":14,"column":8},"end":{"line":18,"column":9}},"5":{"start":{"line":15,"column":12},"end":{"line":15,"column":76}},"6":{"start":{"line":17,"column":12},"end":{"line":17,"column":57}},"7":{"start":{"line":19,"column":8},"end":{"line":19,"column":28}},"8":{"start":{"line":29,"column":29},"end":{"line":29,"column":69}},"9":{"start":{"line":30,"column":8},"end":{"line":35,"column":9}},"10":{"start":{"line":31,"column":12},"end":{"line":31,"column":78}},"11":{"start":{"line":33,"column":12},"end":{"line":33,"column":61}},"12":{"start":{"line":34,"column":12},"end":{"line":34,"column":61}},"13":{"start":{"line":36,"column":8},"end":{"line":36,"column":30}},"14":{"start":{"line":47,"column":22},"end":{"line":47,"column":62}},"15":{"start":{"line":48,"column":8},"end":{"line":55,"column":9}},"16":{"start":{"line":49,"column":12},"end":{"line":49,"column":71}},"17":{"start":{"line":51,"column":12},"end":{"line":51,"column":47}},"18":{"start":{"line":54,"column":12},"end":{"line":54,"column":46}},"19":{"start":{"line":56,"column":8},"end":{"line":56,"column":23}},"20":{"start":{"line":91,"column":34},"end":{"line":91,"column":72}},"21":{"start":{"line":92,"column":8},"end":{"line":100,"column":9}},"22":{"start":{"line":93,"column":12},"end":{"line":93,"column":83}},"23":{"start":{"line":95,"column":24},"end":{"line":95,"column":73}},"24":{"start":{"line":96,"column":26},"end":{"line":96,"column":75}},"25":{"start":{"line":97,"column":25},"end":{"line":97,"column":57}},"26":{"start":{"line":98,"column":12},"end":{"line":98,"column":65}},"27":{"start":{"line":99,"column":12},"end":{"line":99,"column":71}},"28":{"start":{"line":101,"column":8},"end":{"line":101,"column":35}}},"fnMap":{"0":{"name":"(anonymous_0)","decl":{"start":{"line":12,"column":22},"end":{"line":12,"column":23}},"loc":{"start":{"line":12,"column":55},"end":{"line":20,"column":5}},"line":12},"1":{"name":"(anonymous_1)","decl":{"start":{"line":28,"column":24},"end":{"line":28,"column":25}},"loc":{"start":{"line":28,"column":57},"end":{"line":37,"column":5}},"line":28},"2":{"name":"(anonymous_2)","decl":{"start":{"line":46,"column":17},"end":{"line":46,"column":18}},"loc":{"start":{"line":46,"column":50},"end":{"line":57,"column":5}},"line":46},"3":{"name":"(anonymous_3)","decl":{"start":{"line":90,"column":29},"end":{"line":90,"column":30}},"loc":{"start":{"line":90,"column":62},"end":{"line":102,"column":5}},"line":90}},"branchMap":{"0":{"loc":{"start":{"line":12,"column":32},"end":{"line":12,"column":53}},"type":"default-arg","locations":[{"start":{"line":12,"column":49},"end":{"line":12,"column":53}}],"line":12},"1":{"loc":{"start":{"line":14,"column":8},"end":{"line":18,"column":9}},"type":"if","locations":[{"start":{"line":14,"column":8},"end":{"line":18,"column":9}},{"start":{"line":16,"column":15},"end":{"line":18,"column":9}}],"line":14},"2":{"loc":{"start":{"line":28,"column":34},"end":{"line":28,"column":55}},"type":"default-arg","locations":[{"start":{"line":28,"column":51},"end":{"line":28,"column":55}}],"line":28},"3":{"loc":{"start":{"line":30,"column":8},"end":{"line":35,"column":9}},"type":"if","locations":[{"start":{"line":30,"column":8},"end":{"line":35,"column":9}},{"start":{"line":32,"column":15},"end":{"line":35,"column":9}}],"line":30},"4":{"loc":{"start":{"line":46,"column":27},"end":{"line":46,"column":48}},"type":"default-arg","locations":[{"start":{"line":46,"column":44},"end":{"line":46,"column":48}}],"line":46},"5":{"loc":{"start":{"line":48,"column":8},"end":{"line":55,"column":9}},"type":"if","locations":[{"start":{"line":48,"column":8},"end":{"line":55,"column":9}},{"start":{"line":50,"column":15},"end":{"line":55,"column":9}}],"line":48},"6":{"loc":{"start":{"line":90,"column":39},"end":{"line":90,"column":60}},"type":"default-arg","locations":[{"start":{"line":90,"column":56},"end":{"line":90,"column":60}}],"line":90},"7":{"loc":{"start":{"line":92,"column":8},"end":{"line":100,"column":9}},"type":"if","locations":[{"start":{"line":92,"column":8},"end":{"line":100,"column":9}},{"start":{"line":94,"column":15},"end":{"line":100,"column":9}}],"line":92}},"s":{"0":1,"1":1,"2":1,"3":2,"4":2,"5":1,"6":1,"7":2,"8":2,"9":2,"10":1,"11":1,"12":1,"13":2,"14":2,"15":2,"16":1,"17":1,"18":1,"19":2,"20":2,"21":2,"22":1,"23":1,"24":1,"25":1,"26":1,"27":1,"28":2},"f":{"0":2,"1":2,"2":2,"3":2},"b":{"0":[1],"1":[1,1],"2":[1],"3":[1,1],"4":[1],"5":[1,1],"6":[1],"7":[1,1]},"_coverageSchema":"1a1c01bbd47fc00a2c39e90264f33305004495a9","hash":"491fdfd773b99d1dd8b8c283c0eae21923a933a9"}
,"C:\\Users\\chris\\Projekte\\ExcelToCsv\\excelUtils.js": {"path":"C:\\Users\\chris\\Projekte\\ExcelToCsv\\excelUtils.js","statementMap":{"0":{"start":{"line":1,"column":13},"end":{"line":1,"column":28}},"1":{"start":{"line":2,"column":13},"end":{"line":2,"column":28}},"2":{"start":{"line":3,"column":11},"end":{"line":3,"column":24}},"3":{"start":{"line":5,"column":18},"end":{"line":5,"column":77}},"4":{"start":{"line":6,"column":17},"end":{"line":6,"column":41}},"5":{"start":{"line":7,"column":18},"end":{"line":7,"column":50}},"6":{"start":{"line":9,"column":0},"end":{"line":20,"column":1}},"7":{"start":{"line":10,"column":4},"end":{"line":10,"column":43}},"8":{"start":{"line":11,"column":17},"end":{"line":11,"column":26}},"9":{"start":{"line":12,"column":4},"end":{"line":17,"column":5}},"10":{"start":{"line":13,"column":21},"end":{"line":13,"column":48}},"11":{"start":{"line":14,"column":8},"end":{"line":14,"column":53}},"12":{"start":{"line":14,"column":39},"end":{"line":14,"column":53}},"13":{"start":{"line":15,"column":8},"end":{"line":15,"column":64}},"14":{"start":{"line":15,"column":39},"end":{"line":15,"column":64}},"15":{"start":{"line":16,"column":8},"end":{"line":16,"column":77}},"16":{"start":{"line":16,"column":37},"end":{"line":16,"column":77}},"17":{"start":{"line":18,"column":4},"end":{"line":18,"column":24}},"18":{"start":{"line":19,"column":4},"end":{"line":19,"column":18}}},"fnMap":{"0":{"name":"(anonymous_0)","decl":{"start":{"line":9,"column":26},"end":{"line":9,"column":27}},"loc":{"start":{"line":9,"column":60},"end":{"line":20,"column":1}},"line":9}},"branchMap":{"0":{"loc":{"start":{"line":12,"column":4},"end":{"line":17,"column":5}},"type":"if","locations":[{"start":{"line":12,"column":4},"end":{"line":17,"column":5}},{"start":{},"end":{}}],"line":12},"1":{"loc":{"start":{"line":14,"column":8},"end":{"line":14,"column":53}},"type":"if","locations":[{"start":{"line":14,"column":8},"end":{"line":14,"column":53}},{"start":{},"end":{}}],"line":14},"2":{"loc":{"start":{"line":15,"column":8},"end":{"line":15,"column":64}},"type":"if","locations":[{"start":{"line":15,"column":8},"end":{"line":15,"column":64}},{"start":{},"end":{}}],"line":15},"3":{"loc":{"start":{"line":16,"column":8},"end":{"line":16,"column":77}},"type":"if","locations":[{"start":{"line":16,"column":8},"end":{"line":16,"column":77}},{"start":{},"end":{}}],"line":16}},"s":{"0":2,"1":2,"2":2,"3":2,"4":2,"5":2,"6":2,"7":12,"8":12,"9":12,"10":7,"11":7,"12":3,"13":7,"14":2,"15":7,"16":2,"17":12,"18":12},"f":{"0":12},"b":{"0":[7,5],"1":[3,4],"2":[2,5],"3":[2,5]},"_coverageSchema":"1a1c01bbd47fc00a2c39e90264f33305004495a9","hash":"8d50c8f42faabb50518edf626573e479d13fcbd0"}
}
