TN:
SF:contentReader.js
FN:12,(anonymous_0)
FN:28,(anonymous_1)
FN:46,(anonymous_2)
FN:90,(anonymous_3)
FNF:4
FNH:4
FNDA:2,(anonymous_0)
FNDA:2,(anonymous_1)
FNDA:2,(anonymous_2)
FNDA:2,(anonymous_3)
DA:1,1
DA:2,1
DA:4,1
DA:13,2
DA:14,2
DA:15,1
DA:17,1
DA:19,2
DA:29,2
DA:30,2
DA:31,1
DA:33,1
DA:34,1
DA:36,2
DA:47,2
DA:48,2
DA:49,1
DA:51,1
DA:54,1
DA:56,2
DA:91,2
DA:92,2
DA:93,1
DA:95,1
DA:96,1
DA:97,1
DA:98,1
DA:99,1
DA:101,2
LF:29
LH:29
BRDA:12,0,0,1
BRDA:14,1,0,1
BRDA:14,1,1,1
BRDA:28,2,0,1
BRDA:30,3,0,1
BRDA:30,3,1,1
BRDA:46,4,0,1
BRDA:48,5,0,1
BRDA:48,5,1,1
BRDA:90,6,0,1
BRDA:92,7,0,1
BRDA:92,7,1,1
BRF:12
BRH:12
end_of_record
TN:
SF:excelUtils.js
FN:9,(anonymous_0)
FNF:1
FNH:1
FNDA:12,(anonymous_0)
DA:1,2
DA:2,2
DA:3,2
DA:5,2
DA:6,2
DA:7,2
DA:9,2
DA:10,12
DA:11,12
DA:12,12
DA:13,7
DA:14,7
DA:15,7
DA:16,7
DA:18,12
DA:19,12
LF:16
LH:16
BRDA:12,0,0,7
BRDA:12,0,1,5
BRDA:14,1,0,3
BRDA:14,1,1,4
BRDA:15,2,0,2
BRDA:15,2,1,5
BRDA:16,3,0,2
BRDA:16,3,1,5
BRF:8
BRH:8
end_of_record
